#-----------------------------------------------------------
# Vivado v2024.2 (64-bit)
# SW Build 5239630 on Fri Nov 08 22:34:34 MST 2024
# IP Build 5239520 on Sun Nov 10 16:12:51 MST 2024
# SharedData Build 5239561 on Fri Nov 08 14:39:27 MST 2024
# Start of session at: Thu Jul  2 01:43:27 2026
# Process ID         : 248875
# Current directory  : /home/23EC01021/Music/SNN_ECG_V2/sim/vivado
# Command line       : vivado
# Log file           : /home/23EC01021/Music/SNN_ECG_V2/sim/vivado/vivado.log
# Journal file       : /home/23EC01021/Music/SNN_ECG_V2/sim/vivado/vivado.jou
# Running On         : vlsilab.iitbbs.ac.in
# Platform           : unknown
# Operating System   : unknown
# Processor Detail   : Intel(R) Core(TM) i7-14700
# CPU Frequency      : 1953.426 MHz
# CPU Physical cores : 20
# CPU Logical cores  : 28
# Host memory        : 33107 MB
# Swap memory        : 42949 MB
# Total Virtual      : 76057 MB
# Available Virtual  : 65593 MB
#-----------------------------------------------------------
start_gui
open_project /home/23EC01021/Documents/snn/r1/roughr1/roughr1.xpr
WARNING: [Board 49-26] cannot add Board Part xilinx.com:vek280_es:part0:1.0 available at /Data/cad/Xilinx/Vivado/2024.2/data/xhub/boards/XilinxBoardStore/boards/Xilinx/vek280/es/rev_a/1.0/board.xml as part xcve2802-vsvh1760-2lp-e-s-es1 specified in board_part file is either invalid or not available
WARNING: [Board 49-26] cannot add Board Part xilinx.com:vek280_es:part0:1.1 available at /Data/cad/Xilinx/Vivado/2024.2/data/xhub/boards/XilinxBoardStore/boards/Xilinx/vek280/es/rev_a/1.1/board.xml as part xcve2802-vsvh1760-2lp-e-s-es1 specified in board_part file is either invalid or not available
WARNING: [Board 49-26] cannot add Board Part xilinx.com:vek280_es_revb:part0:1.0 available at /Data/cad/Xilinx/Vivado/2024.2/data/xhub/boards/XilinxBoardStore/boards/Xilinx/vek280/es/rev_b/1.0/board.xml as part xcve2802-vsvh1760-2mp-e-s-es1 specified in board_part file is either invalid or not available
WARNING: [Board 49-26] cannot add Board Part xilinx.com:vek280_es_revb:part0:1.1 available at /Data/cad/Xilinx/Vivado/2024.2/data/xhub/boards/XilinxBoardStore/boards/Xilinx/vek280/es/rev_b/1.1/board.xml as part xcve2802-vsvh1760-2mp-e-s-es1 specified in board_part file is either invalid or not available
WARNING: [Board 49-26] cannot add Board Part xilinx.com:zcu208ld:part0:2.0 available at /Data/cad/Xilinx/Vivado/2024.2/data/xhub/boards/XilinxBoardStore/boards/Xilinx/zcu208ld/production/2.0/board.xml as part xczu58dr-fsvg1517-2-i specified in board_part file is either invalid or not available
WARNING: [Board 49-26] cannot add Board Part xilinx.com:zcu216ld:part0:2.0 available at /Data/cad/Xilinx/Vivado/2024.2/data/xhub/boards/XilinxBoardStore/boards/Xilinx/zcu216ld/production/2.0/board.xml as part xczu59dr-ffvf1760-2-i specified in board_part file is either invalid or not available
WARNING: [Board 49-26] cannot add Board Part xilinx.com:zcu670ld:part0:1.0 available at /Data/cad/Xilinx/Vivado/2024.2/data/xhub/boards/XilinxBoardStore/boards/Xilinx/zcu670ld/1.0/board.xml as part xczu57dr-fsve1156-2-i specified in board_part file is either invalid or not available
INFO: [Common 17-41] Interrupt caught. Command should exit soon.
INFO: [Common 17-344] 'open_project' was cancelled
WARNING: [Board 49-26] cannot add Board Part xilinx.com:vek280_es:part0:1.0 available at /Data/cad/Xilinx/Vivado/2024.2/data/xhub/boards/XilinxBoardStore/boards/Xilinx/vek280/es/rev_a/1.0/board.xml as part xcve2802-vsvh1760-2lp-e-s-es1 specified in board_part file is either invalid or not available
WARNING: [Board 49-26] cannot add Board Part xilinx.com:vek280_es:part0:1.1 available at /Data/cad/Xilinx/Vivado/2024.2/data/xhub/boards/XilinxBoardStore/boards/Xilinx/vek280/es/rev_a/1.1/board.xml as part xcve2802-vsvh1760-2lp-e-s-es1 specified in board_part file is either invalid or not available
WARNING: [Board 49-26] cannot add Board Part xilinx.com:vek280_es_revb:part0:1.0 available at /Data/cad/Xilinx/Vivado/2024.2/data/xhub/boards/XilinxBoardStore/boards/Xilinx/vek280/es/rev_b/1.0/board.xml as part xcve2802-vsvh1760-2mp-e-s-es1 specified in board_part file is either invalid or not available
WARNING: [Board 49-26] cannot add Board Part xilinx.com:vek280_es_revb:part0:1.1 available at /Data/cad/Xilinx/Vivado/2024.2/data/xhub/boards/XilinxBoardStore/boards/Xilinx/vek280/es/rev_b/1.1/board.xml as part xcve2802-vsvh1760-2mp-e-s-es1 specified in board_part file is either invalid or not available
WARNING: [Board 49-26] cannot add Board Part xilinx.com:zcu208ld:part0:2.0 available at /Data/cad/Xilinx/Vivado/2024.2/data/xhub/boards/XilinxBoardStore/boards/Xilinx/zcu208ld/production/2.0/board.xml as part xczu58dr-fsvg1517-2-i specified in board_part file is either invalid or not available
WARNING: [Board 49-26] cannot add Board Part xilinx.com:zcu216ld:part0:2.0 available at /Data/cad/Xilinx/Vivado/2024.2/data/xhub/boards/XilinxBoardStore/boards/Xilinx/zcu216ld/production/2.0/board.xml as part xczu59dr-ffvf1760-2-i specified in board_part file is either invalid or not available
WARNING: [Board 49-26] cannot add Board Part xilinx.com:zcu670ld:part0:1.0 available at /Data/cad/Xilinx/Vivado/2024.2/data/xhub/boards/XilinxBoardStore/boards/Xilinx/zcu670ld/1.0/board.xml as part xczu57dr-fsve1156-2-i specified in board_part file is either invalid or not available
WARNING: [Board 49-26] cannot add Board Part xilinx.com:vek280_es:part0:1.0 available at /Data/cad/Xilinx/Vivado/2024.2/data/xhub/boards/XilinxBoardStore/boards/Xilinx/vek280/es/rev_a/1.0/board.xml as part xcve2802-vsvh1760-2lp-e-s-es1 specified in board_part file is either invalid or not available
WARNING: [Board 49-26] cannot add Board Part xilinx.com:vek280_es:part0:1.1 available at /Data/cad/Xilinx/Vivado/2024.2/data/xhub/boards/XilinxBoardStore/boards/Xilinx/vek280/es/rev_a/1.1/board.xml as part xcve2802-vsvh1760-2lp-e-s-es1 specified in board_part file is either invalid or not available
WARNING: [Board 49-26] cannot add Board Part xilinx.com:vek280_es_revb:part0:1.0 available at /Data/cad/Xilinx/Vivado/2024.2/data/xhub/boards/XilinxBoardStore/boards/Xilinx/vek280/es/rev_b/1.0/board.xml as part xcve2802-vsvh1760-2mp-e-s-es1 specified in board_part file is either invalid or not available
WARNING: [Board 49-26] cannot add Board Part xilinx.com:vek280_es_revb:part0:1.1 available at /Data/cad/Xilinx/Vivado/2024.2/data/xhub/boards/XilinxBoardStore/boards/Xilinx/vek280/es/rev_b/1.1/board.xml as part xcve2802-vsvh1760-2mp-e-s-es1 specified in board_part file is either invalid or not available
WARNING: [Board 49-26] cannot add Board Part xilinx.com:zcu208ld:part0:2.0 available at /Data/cad/Xilinx/Vivado/2024.2/data/xhub/boards/XilinxBoardStore/boards/Xilinx/zcu208ld/production/2.0/board.xml as part xczu58dr-fsvg1517-2-i specified in board_part file is either invalid or not available
WARNING: [Board 49-26] cannot add Board Part xilinx.com:zcu216ld:part0:2.0 available at /Data/cad/Xilinx/Vivado/2024.2/data/xhub/boards/XilinxBoardStore/boards/Xilinx/zcu216ld/production/2.0/board.xml as part xczu59dr-ffvf1760-2-i specified in board_part file is either invalid or not available
WARNING: [Board 49-26] cannot add Board Part xilinx.com:zcu670ld:part0:1.0 available at /Data/cad/Xilinx/Vivado/2024.2/data/xhub/boards/XilinxBoardStore/boards/Xilinx/zcu670ld/1.0/board.xml as part xczu57dr-fsve1156-2-i specified in board_part file is either invalid or not available
WARNING: [Board 49-26] cannot add Board Part xilinx.com:vek280_es:part0:1.1 available at /Data/cad/Xilinx/Vivado/2024.2/data/xhub/boards/XilinxBoardStore/boards/Xilinx/vek280/es/rev_a/1.1/board.xml as part xcve2802-vsvh1760-2lp-e-s-es1 specified in board_part file is either invalid or not available
WARNING: [Board 49-26] cannot add Board Part xilinx.com:vek280_es_revb:part0:1.1 available at /Data/cad/Xilinx/Vivado/2024.2/data/xhub/boards/XilinxBoardStore/boards/Xilinx/vek280/es/rev_b/1.1/board.xml as part xcve2802-vsvh1760-2mp-e-s-es1 specified in board_part file is either invalid or not available
WARNING: [Board 49-26] cannot add Board Part xilinx.com:zcu208ld:part0:2.0 available at /Data/cad/Xilinx/Vivado/2024.2/data/xhub/boards/XilinxBoardStore/boards/Xilinx/zcu208ld/production/2.0/board.xml as part xczu58dr-fsvg1517-2-i specified in board_part file is either invalid or not available
WARNING: [Board 49-26] cannot add Board Part xilinx.com:zcu216ld:part0:2.0 available at /Data/cad/Xilinx/Vivado/2024.2/data/xhub/boards/XilinxBoardStore/boards/Xilinx/zcu216ld/production/2.0/board.xml as part xczu59dr-ffvf1760-2-i specified in board_part file is either invalid or not available
WARNING: [Board 49-26] cannot add Board Part xilinx.com:zcu670ld:part0:1.0 available at /Data/cad/Xilinx/Vivado/2024.2/data/xhub/boards/XilinxBoardStore/boards/Xilinx/zcu670ld/1.0/board.xml as part xczu57dr-fsve1156-2-i specified in board_part file is either invalid or not available
create_project test_sram_rw /home/23EC01021/Music/SNN_ECG_V2/sim/vivado/test_sram_rw -part xc7vx485tffg1157-1
INFO: [IP_Flow 19-234] Refreshing IP repositories
INFO: [IP_Flow 19-1704] No user IP repositories specified
INFO: [IP_Flow 19-2313] Loaded Vivado IP repository '/Data/cad/Xilinx/Vivado/2024.2/data/ip'.
add_files -norecurse {/home/23EC01021/Music/SNN_ECG_V2/tb/tb_sram_1rw.v /home/23EC01021/Music/SNN_ECG_V2/rtl/memory/sram_1rw.v}
update_compile_order -fileset sources_1
move_files -fileset sim_1 [get_files  /home/23EC01021/Music/SNN_ECG_V2/tb/tb_sram_1rw.v]
launch_simulation
Command: launch_simulation 
INFO: [Vivado 12-12493] Simulation top is 'tb_sram_1rw'
INFO: [Vivado 12-5682] Launching behavioral simulation in '/home/23EC01021/Music/SNN_ECG_V2/sim/vivado/test_sram_rw/test_sram_rw.sim/sim_1/behav/xsim'
INFO: [SIM-utils-51] Simulation object is 'sim_1'
INFO: [SIM-utils-72] Using boost library from '/Data/cad/Xilinx/Vivado/2024.2/tps/boost_1_72_0'
INFO: [SIM-utils-54] Inspecting design source files for 'tb_sram_1rw' in fileset 'sim_1'...
INFO: [USF-XSim-97] Finding global include files...
INFO: [USF-XSim-98] Fetching design files from 'sim_1'...
INFO: [USF-XSim-2] XSim::Compile design
INFO: [USF-XSim-61] Executing 'COMPILE and ANALYZE' step in '/home/23EC01021/Music/SNN_ECG_V2/sim/vivado/test_sram_rw/test_sram_rw.sim/sim_1/behav/xsim'
xvlog --incr --relax -prj tb_sram_1rw_vlog.prj
INFO: [VRFC 10-2263] Analyzing Verilog file "/home/23EC01021/Music/SNN_ECG_V2/rtl/memory/sram_1rw.v" into library xil_defaultlib
INFO: [VRFC 10-311] analyzing module sram_1rw
INFO: [VRFC 10-2263] Analyzing Verilog file "/home/23EC01021/Music/SNN_ECG_V2/tb/tb_sram_1rw.v" into library xil_defaultlib
INFO: [VRFC 10-311] analyzing module tb_sram_1rw
INFO: [VRFC 10-2263] Analyzing Verilog file "/home/23EC01021/Music/SNN_ECG_V2/sim/vivado/test_sram_rw/test_sram_rw.sim/sim_1/behav/xsim/glbl.v" into library xil_defaultlib
INFO: [VRFC 10-311] analyzing module glbl
Waiting for jobs to finish...
No pending jobs, compilation finished.
INFO: [USF-XSim-69] 'compile' step finished in '0' seconds
INFO: [USF-XSim-3] XSim::Elaborate design
INFO: [USF-XSim-61] Executing 'ELABORATE' step in '/home/23EC01021/Music/SNN_ECG_V2/sim/vivado/test_sram_rw/test_sram_rw.sim/sim_1/behav/xsim'
xelab --incr --debug typical --relax --mt 8 -L xil_defaultlib -L unisims_ver -L unimacro_ver -L secureip --snapshot tb_sram_1rw_behav xil_defaultlib.tb_sram_1rw xil_defaultlib.glbl -log elaborate.log
Vivado Simulator v2024.2.0
Copyright 1986-2022 Xilinx, Inc. All Rights Reserved.
Copyright 2022-2024 Advanced Micro Devices, Inc. All Rights Reserved.
Running: /Data/cad/Xilinx/Vivado/2024.2/bin/unwrapped/lnx64.o/xelab --incr --debug typical --relax --mt 8 -L xil_defaultlib -L unisims_ver -L unimacro_ver -L secureip --snapshot tb_sram_1rw_behav xil_defaultlib.tb_sram_1rw xil_defaultlib.glbl -log elaborate.log 
Using 8 slave threads.
Starting static elaboration
Pass Through NonSizing Optimizer
Completed static elaboration
Starting simulation data flow analysis
Completed simulation data flow analysis
Time Resolution for simulation is 1ps
Compiling module xil_defaultlib.sram_1rw(DATA_WIDTH=8,ADDR_WIDTH...
Compiling module xil_defaultlib.tb_sram_1rw
Compiling module xil_defaultlib.glbl
Built simulation snapshot tb_sram_1rw_behav
INFO: [USF-XSim-69] 'elaborate' step finished in '1' seconds
INFO: [USF-XSim-4] XSim::Simulate design
INFO: [USF-XSim-61] Executing 'SIMULATE' step in '/home/23EC01021/Music/SNN_ECG_V2/sim/vivado/test_sram_rw/test_sram_rw.sim/sim_1/behav/xsim'
INFO: [USF-XSim-98] *** Running xsim
   with args "tb_sram_1rw_behav -key {Behavioral:sim_1:Functional:tb_sram_1rw} -tclbatch {tb_sram_1rw.tcl} -log {simulate.log}"
INFO: [USF-XSim-8] Loading simulator feature
Time resolution is 1 ps
source tb_sram_1rw.tcl
# set curr_wave [current_wave_config]
# if { [string length $curr_wave] == 0 } {
#   if { [llength [get_objects]] > 0} {
#     add_wave /
#     set_property needs_save false [current_wave_config]
#   } else {
#      send_msg_id Add_Wave-1 WARNING "No top level signals found. Simulator will start without a wave window. If you want to open a wave window go to 'File->New Waveform Configuration' or type 'create_wave_config' in the TCL console."
#   }
# }
# run 1000ns
=================================================
 Starting Verification: sram_1rw
=================================================
[30000] [PASS]           Init Check (Address 0)
[50000] [PASS] ck (Address 15 - Upper Boundary)
[90000] [PASS]          Normal Read After Write
[130000] [PASS]          Write ignored when CE=0
[150000] [PASS]          Write ignored when CE=0
[170000] [PASS] A holds previous value when CE=0
[190000] [PASS] A holds previous value when CE=0
[210000] [PASS] es not change during write cycle
[230000] [PASS] rite from Read-During-Write test
[230000] [INFO] Starting exhaustive memory sweep...
[570000] [PASS]            Exhaustive Sweep Read
[590000] [PASS]            Exhaustive Sweep Read
[610000] [PASS]            Exhaustive Sweep Read
[630000] [PASS]            Exhaustive Sweep Read
[650000] [PASS]            Exhaustive Sweep Read
[670000] [PASS]            Exhaustive Sweep Read
[690000] [PASS]            Exhaustive Sweep Read
[710000] [PASS]            Exhaustive Sweep Read
[730000] [PASS]            Exhaustive Sweep Read
[750000] [PASS]            Exhaustive Sweep Read
[770000] [PASS]            Exhaustive Sweep Read
[790000] [PASS]            Exhaustive Sweep Read
[810000] [PASS]            Exhaustive Sweep Read
[830000] [PASS]            Exhaustive Sweep Read
[850000] [PASS]            Exhaustive Sweep Read
[870000] [PASS]            Exhaustive Sweep Read
=================================================
 [SUCCESS] All 25 checks PASSED!
=================================================
$finish called at time : 870 ns : File "/home/23EC01021/Music/SNN_ECG_V2/tb/tb_sram_1rw.v" Line 237
INFO: [USF-XSim-96] XSim completed. Design snapshot 'tb_sram_1rw_behav' loaded.
INFO: [USF-XSim-97] XSim simulation ran for 1000ns
run 20ms
close_sim
INFO: xsimkernel Simulation Memory Usage: 474928 KB (Peak: 532200 KB), Simulation CPU Usage: 3590 ms
INFO: [Simtcl 6-16] Simulation closed
exit
INFO: [Common 17-206] Exiting Vivado at Thu Jul  2 01:49:35 2026...
