INFO: [VRFC 10-2263] Analyzing Verilog file "/home/23EC01021/Documents/snn/r1/snn_rtl_complete26jun/snn_rtl_complete/argmax5.v" into library xil_defaultlib
INFO: [VRFC 10-311] analyzing module argmax5
INFO: [VRFC 10-2263] Analyzing Verilog file "/home/23EC01021/Documents/snn/r1/snn_rtl_complete26jun/snn_rtl_complete/input_buffer.v" into library xil_defaultlib
INFO: [VRFC 10-311] analyzing module input_buffer
INFO: [VRFC 10-2263] Analyzing Verilog file "/home/23EC01021/Documents/snn/r1/snn_rtl_complete26jun/snn_rtl_complete/neuron_fsm.v" into library xil_defaultlib
INFO: [VRFC 10-311] analyzing module neuron_fsm
INFO: [VRFC 10-2263] Analyzing Verilog file "/home/23EC01021/Documents/snn/r1/snn_rtl_complete26jun/snn_rtl_complete/neuron_ptr_gen.v" into library xil_defaultlib
INFO: [VRFC 10-311] analyzing module neuron_ptr_gen
INFO: [VRFC 10-2263] Analyzing Verilog file "/home/23EC01021/Documents/snn/r1/snn_rtl_complete26jun/snn_rtl_complete/neuron_state_sram.v" into library xil_defaultlib
INFO: [VRFC 10-311] analyzing module neuron_state_sram
INFO: [VRFC 10-2263] Analyzing Verilog file "/home/23EC01021/Documents/snn/r1/snn_rtl_complete26jun/snn_rtl_complete/npu.v" into library xil_defaultlib
INFO: [VRFC 10-311] analyzing module npu
INFO: [VRFC 10-2263] Analyzing Verilog file "/home/23EC01021/Documents/snn/r1/snn_rtl_complete26jun/snn_rtl_complete/output_reader.v" into library xil_defaultlib
INFO: [VRFC 10-311] analyzing module output_reader
INFO: [VRFC 10-2263] Analyzing Verilog file "/home/23EC01021/Documents/snn/r1/snn_rtl_complete26jun/snn_rtl_complete/snn_ecg_top.v" into library xil_defaultlib
INFO: [VRFC 10-311] analyzing module snn_ecg_top
WARNING: [VRFC 10-2938] 'wd_last' is already implicitly declared on line 57 [/home/23EC01021/Documents/snn/r1/snn_rtl_complete26jun/snn_rtl_complete/snn_ecg_top.v:94]
WARNING: [VRFC 10-2938] 'wacc_done' is already implicitly declared on line 99 [/home/23EC01021/Documents/snn/r1/snn_rtl_complete26jun/snn_rtl_complete/snn_ecg_top.v:106]
INFO: [VRFC 10-2263] Analyzing Verilog file "/home/23EC01021/Documents/snn/r1/snn_rtl_complete26jun/snn_rtl_complete/spike_iterator.v" into library xil_defaultlib
INFO: [VRFC 10-311] analyzing module spike_iterator
INFO: [VRFC 10-2263] Analyzing Verilog file "/home/23EC01021/Documents/snn/r1/snn_rtl_complete26jun/snn_rtl_complete/spike_merge.v" into library xil_defaultlib
INFO: [VRFC 10-311] analyzing module spike_merge
INFO: [VRFC 10-2263] Analyzing Verilog file "/home/23EC01021/Documents/snn/r1/snn_rtl_complete26jun/snn_rtl_complete/sram_1rw.v" into library xil_defaultlib
INFO: [VRFC 10-311] analyzing module sram_1rw
INFO: [VRFC 10-2263] Analyzing Verilog file "/home/23EC01021/Documents/snn/r1/snn_rtl_complete26jun/snn_rtl_complete/top_fsm.v" into library xil_defaultlib
INFO: [VRFC 10-311] analyzing module top_fsm
INFO: [VRFC 10-2263] Analyzing Verilog file "/home/23EC01021/Documents/snn/r1/snn_rtl_complete26jun/snn_rtl_complete/uart_rx.v" into library xil_defaultlib
INFO: [VRFC 10-311] analyzing module uart_rx
INFO: [VRFC 10-2263] Analyzing Verilog file "/home/23EC01021/Documents/snn/r1/snn_rtl_complete26jun/snn_rtl_complete/uart_tx.v" into library xil_defaultlib
INFO: [VRFC 10-311] analyzing module uart_tx
INFO: [VRFC 10-2263] Analyzing Verilog file "/home/23EC01021/Documents/snn/r1/snn_rtl_complete26jun/snn_rtl_complete/weight_decode.v" into library xil_defaultlib
INFO: [VRFC 10-311] analyzing module weight_decode
INFO: [VRFC 10-2263] Analyzing Verilog file "/home/23EC01021/Documents/snn/r1/snn_rtl_complete26jun/snn_rtl_complete/tb_snn_ecg.v" into library xil_defaultlib
INFO: [VRFC 10-311] analyzing module tb_snn_ecg
INFO: [VRFC 10-2263] Analyzing Verilog file "/home/23EC01021/Music/SNN_ECG_V2/sim/26jun/26jun.sim/sim_1/behav/xsim/glbl.v" into library xil_defaultlib
INFO: [VRFC 10-311] analyzing module glbl
